app/build/intermediates/manifest_merge_blame_file/release/manifest-merger-blame-release-report.txt
1<?xml version="1.0" encoding="utf-8"?>
2<manifest xmlns:android="http://schemas.android.com/apk/res/android"
3    package="com.google.mlkit.codelab.translate"
4    android:versionCode="1"
5    android:versionName="1.0" >
6
7    <uses-sdk
8        android:minSdkVersion="21"
8-->src\main\AndroidManifest.xml
9        android:targetSdkVersion="29" />
9-->src\main\AndroidManifest.xml
10
11    <uses-permission android:name="android.permission.CAMERA" />
11-->src\main\AndroidManifest.xml:5:5-65
11-->src\main\AndroidManifest.xml:5:22-62
12    <uses-permission android:name="android.permission.INTERNET" />
12-->src\main\AndroidManifest.xml:6:5-67
12-->src\main\AndroidManifest.xml:6:22-64
13
14    <application
14-->src\main\AndroidManifest.xml:8:5-32:19
15        android:allowBackup="true"
15-->src\main\AndroidManifest.xml:9:9-35
16        android:appComponentFactory="androidx.core.app.CoreComponentFactory"
16-->[androidx.core:core:1.3.0] AndroidManifest.xml:24:18-86
17        android:icon="@mipmap/ic_launcher"
17-->src\main\AndroidManifest.xml:10:9-43
18        android:label="@string/app_name"
18-->src\main\AndroidManifest.xml:11:9-41
19        android:roundIcon="@mipmap/ic_launcher_round"
19-->src\main\AndroidManifest.xml:12:9-54
20        android:supportsRtl="true"
20-->src\main\AndroidManifest.xml:13:9-35
21        android:theme="@style/AppTheme" >
21-->src\main\AndroidManifest.xml:14:9-40
22        <activity
22-->src\main\AndroidManifest.xml:15:9-24:20
23            android:name="com.google.mlkit.codelab.translate.MainActivityNav"
23-->src\main\AndroidManifest.xml:16:13-44
24            android:screenOrientation="portrait" >
24-->src\main\AndroidManifest.xml:17:13-49
25            <intent-filter>
25-->src\main\AndroidManifest.xml:18:13-22:29
26                <action android:name="android.intent.action.MAIN" />
26-->src\main\AndroidManifest.xml:19:17-69
26-->src\main\AndroidManifest.xml:19:25-66
27
28                <category android:name="android.intent.category.LAUNCHER" />
28-->src\main\AndroidManifest.xml:21:17-77
28-->src\main\AndroidManifest.xml:21:27-74
29            </intent-filter>
30        </activity>
31        <activity
31-->src\main\AndroidManifest.xml:25:9-28:20
32            android:name="com.google.mlkit.codelab.translate.MainActivity"
32-->src\main\AndroidManifest.xml:26:13-41
33            android:screenOrientation="portrait" >
33-->src\main\AndroidManifest.xml:27:13-49
34        </activity> <!-- Automatically download the text recognition model after app install -->
35        <meta-data
35-->src\main\AndroidManifest.xml:29:9-31:35
36            android:name="com.google.ml.vision.DEPENDENCIES"
36-->src\main\AndroidManifest.xml:30:13-61
37            android:value="ocr" />
37-->src\main\AndroidManifest.xml:31:13-32
38
39        <service
39-->[com.google.android.gms:play-services-mlkit-text-recognition:16.1.1] AndroidManifest.xml:9:9-15:19
40            android:name="com.google.mlkit.common.internal.MlKitComponentDiscoveryService"
40-->[com.google.android.gms:play-services-mlkit-text-recognition:16.1.1] AndroidManifest.xml:10:13-91
41            android:directBootAware="true"
41-->[com.google.mlkit:common:17.0.0] AndroidManifest.xml:17:13-43
42            android:exported="false" >
42-->[com.google.android.gms:play-services-mlkit-text-recognition:16.1.1] AndroidManifest.xml:11:13-37
43            <meta-data
43-->[com.google.android.gms:play-services-mlkit-text-recognition:16.1.1] AndroidManifest.xml:12:13-14:85
44                android:name="com.google.firebase.components:com.google.mlkit.vision.text.internal.TextRegistrar"
44-->[com.google.android.gms:play-services-mlkit-text-recognition:16.1.1] AndroidManifest.xml:13:17-114
45                android:value="com.google.firebase.components.ComponentRegistrar" />
45-->[com.google.android.gms:play-services-mlkit-text-recognition:16.1.1] AndroidManifest.xml:14:17-82
46            <meta-data
46-->[com.google.mlkit:language-id:16.1.1] AndroidManifest.xml:11:13-13:85
47                android:name="com.google.firebase.components:com.google.mlkit.nl.languageid.LanguageIdRegistrar"
47-->[com.google.mlkit:language-id:16.1.1] AndroidManifest.xml:12:17-113
48                android:value="com.google.firebase.components.ComponentRegistrar" />
48-->[com.google.mlkit:language-id:16.1.1] AndroidManifest.xml:13:17-82
49            <meta-data
49-->[com.google.mlkit:translate:16.1.1] AndroidManifest.xml:11:13-13:85
50                android:name="com.google.firebase.components:com.google.mlkit.nl.translate.NaturalLanguageTranslateRegistrar"
50-->[com.google.mlkit:translate:16.1.1] AndroidManifest.xml:12:17-126
51                android:value="com.google.firebase.components.ComponentRegistrar" />
51-->[com.google.mlkit:translate:16.1.1] AndroidManifest.xml:13:17-82
52            <meta-data
52-->[com.google.mlkit:translate:16.1.1] AndroidManifest.xml:14:13-16:85
53                android:name="com.google.firebase.components:com.google.mlkit.nl.translate.RemoteConfigRegistrar"
53-->[com.google.mlkit:translate:16.1.1] AndroidManifest.xml:15:17-114
54                android:value="com.google.firebase.components.ComponentRegistrar" />
54-->[com.google.mlkit:translate:16.1.1] AndroidManifest.xml:16:17-82
55            <meta-data
55-->[com.google.android.gms:play-services-mlkit-face-detection:16.1.1] AndroidManifest.xml:12:13-14:85
56                android:name="com.google.firebase.components:com.google.mlkit.vision.face.internal.FaceRegistrar"
56-->[com.google.android.gms:play-services-mlkit-face-detection:16.1.1] AndroidManifest.xml:13:17-114
57                android:value="com.google.firebase.components.ComponentRegistrar" />
57-->[com.google.android.gms:play-services-mlkit-face-detection:16.1.1] AndroidManifest.xml:14:17-82
58            <meta-data
58-->[com.google.android.gms:play-services-mlkit-barcode-scanning:16.1.2] AndroidManifest.xml:12:13-14:85
59                android:name="com.google.firebase.components:com.google.mlkit.vision.barcode.internal.BarcodeRegistrar"
59-->[com.google.android.gms:play-services-mlkit-barcode-scanning:16.1.2] AndroidManifest.xml:13:17-120
60                android:value="com.google.firebase.components.ComponentRegistrar" />
60-->[com.google.android.gms:play-services-mlkit-barcode-scanning:16.1.2] AndroidManifest.xml:14:17-82
61            <meta-data
61-->[com.google.mlkit:vision-common:16.1.0] AndroidManifest.xml:12:13-14:85
62                android:name="com.google.firebase.components:com.google.mlkit.vision.common.internal.VisionCommonRegistrar"
62-->[com.google.mlkit:vision-common:16.1.0] AndroidManifest.xml:13:17-124
63                android:value="com.google.firebase.components.ComponentRegistrar" />
63-->[com.google.mlkit:vision-common:16.1.0] AndroidManifest.xml:14:17-82
64            <meta-data
64-->[com.google.mlkit:common:17.0.0] AndroidManifest.xml:20:13-22:85
65                android:name="com.google.firebase.components:com.google.mlkit.common.internal.CommonComponentRegistrar"
65-->[com.google.mlkit:common:17.0.0] AndroidManifest.xml:21:17-120
66                android:value="com.google.firebase.components.ComponentRegistrar" />
66-->[com.google.mlkit:common:17.0.0] AndroidManifest.xml:22:17-82
67        </service>
68
69        <provider
69-->[com.google.mlkit:common:17.0.0] AndroidManifest.xml:9:9-13:38
70            android:name="com.google.mlkit.common.internal.MlKitInitProvider"
70-->[com.google.mlkit:common:17.0.0] AndroidManifest.xml:10:13-78
71            android:authorities="com.google.mlkit.codelab.translate.mlkitinitprovider"
71-->[com.google.mlkit:common:17.0.0] AndroidManifest.xml:11:13-69
72            android:exported="false"
72-->[com.google.mlkit:common:17.0.0] AndroidManifest.xml:12:13-37
73            android:initOrder="99" />
73-->[com.google.mlkit:common:17.0.0] AndroidManifest.xml:13:13-35
74
75        <activity
75-->[com.google.android.gms:play-services-base:17.0.0] AndroidManifest.xml:23:9-26:75
76            android:name="com.google.android.gms.common.api.GoogleApiActivity"
76-->[com.google.android.gms:play-services-base:17.0.0] AndroidManifest.xml:24:13-79
77            android:exported="false"
77-->[com.google.android.gms:play-services-base:17.0.0] AndroidManifest.xml:25:13-37
78            android:theme="@android:style/Theme.Translucent.NoTitleBar" />
78-->[com.google.android.gms:play-services-base:17.0.0] AndroidManifest.xml:26:13-72
79
80        <meta-data
80-->[com.google.android.gms:play-services-basement:17.0.0] AndroidManifest.xml:23:9-25:69
81            android:name="com.google.android.gms.version"
81-->[com.google.android.gms:play-services-basement:17.0.0] AndroidManifest.xml:24:13-58
82            android:value="@integer/google_play_services_version" />
82-->[com.google.android.gms:play-services-basement:17.0.0] AndroidManifest.xml:25:13-66
83
84        <provider
84-->[androidx.lifecycle:lifecycle-process:2.2.0] AndroidManifest.xml:25:9-29:43
85            android:name="androidx.lifecycle.ProcessLifecycleOwnerInitializer"
85-->[androidx.lifecycle:lifecycle-process:2.2.0] AndroidManifest.xml:26:13-79
86            android:authorities="com.google.mlkit.codelab.translate.lifecycle-process"
86-->[androidx.lifecycle:lifecycle-process:2.2.0] AndroidManifest.xml:27:13-69
87            android:exported="false"
87-->[androidx.lifecycle:lifecycle-process:2.2.0] AndroidManifest.xml:28:13-37
88            android:multiprocess="true" />
88-->[androidx.lifecycle:lifecycle-process:2.2.0] AndroidManifest.xml:29:13-40
89    </application>
90
91</manifest>